MPASM 5.77                NEWASMTEMPLATE.ASM   10-23-2018  21:26:46         PAGE  1


LOC  OBJECT CODE     LINE SOURCE TEXT
  VALUE

                      00001 ;ETIQUETAS         DIRECTIVAS Y NEMONICOS          VARIABLES        COMENTARIOS
                      00002 ;-------------------------OBLIGATORIO PARA EL PIC ------------------------------
2007   3FF1           00003                    __CONFIG _CP_OFF& _WDT_OFF& _PWRTE_ON&_XT_OSC;para el grabador
                      00004                     LIST        p=16F84A;           designar el modelo del pic
                      00005                     INCLUDE<P16F84A.INC>;           ;           definir a que pic manupulare
                      00001         LIST
                      00002 
                      00003 ;==========================================================================
                      00004 ; Build date : Nov 22 2017
                      00005 ;  MPASM PIC16F84A processor include
                      00006 ; 
                      00007 ;  (c) Copyright 1999-2017 Microchip Technology, All rights reserved
                      00008 ;==========================================================================
                      00009 
                      00209         LIST
                      00006                     RADIX       HEX;                definir el lenguaje a usar
                      00007 ;------------------------Declaracion de registros-------------------------------
  00000006            00008 PB                  EQU 0X06;                     asignar al puerto un su nombre
  00000005            00009 PA                  EQU 0X05
  00000085            00010 TRISA               EQU 0X85
  00000086            00011 TRISB               EQU 0X86
  00000003            00012 ESTADO              EQU 0X03;                     se agrega el bit de estado
  0000000C            00013 RET                 EQU 0x0c;                     se agregan tres variables para 
  0000000D            00014 RET2                EQU 0x0d;                     poder crear un retardo y ocupar
  0000000E            00015 RET3                EQU 0x0e;                     cantidaes de tiempo.                              
                      00016 ;---------------------------Cabecera de inicio------- --------------------------
                      00017                     ORG 0X00
0000   2???           00018                     GOTO INICIO
                      00019                     ORG 0X06
                      00020 ;---------------------------Cuerpo del programa---------------------------------
0006   1683           00021 INICIO            bsf     ESTADO,5
Message[302]: Register in operand not in bank 0.  Ensure that bank bits are correct.
0007   0186           00022                   clrf    TRISB
0008   301F           00023                   movlw   b'11111'
Message[302]: Register in operand not in bank 0.  Ensure that bank bits are correct.
0009   0085           00024                   movwf   TRISA 
000A   1283           00025                   bcf     ESTADO,5
000B                  00026 CONTROL1                   
000B   0186           00027                   clrf      PB
000C   2???           00028                   call      LEER3
000D                  00029 CONTROL2
000D   0186           00030                   clrf      PB
000E   2???           00031                   call      LEER4
                      00032                   
000F   0186           00033 REINICIO          clrf    PB
0010   2???           00034                   call    LEER
                      00035                   
0011   0186           00036 REINICIO2         clrf      PB
0012   2???           00037                   call      LEER2
                      00038                   
0013                  00039 APAGADO
0013   3001           00040                   movlw     b'0000001'
0014   0086           00041                   movwf     PB
MPASM 5.77                NEWASMTEMPLATE.ASM   10-23-2018  21:26:46         PAGE  2


LOC  OBJECT CODE     LINE SOURCE TEXT
  VALUE

0015   2???           00042                   call      RETARDO
0016   0186           00043                   clrf      PB
0017   2???           00044                   goto      LEER
                      00045                   
0018                  00046 ENCENDER        
0018   3002           00047                   movlw     b'0000010'
0019   0086           00048                   movwf     PB
001A   2???           00049                   call      RETARDO
001B   0186           00050                   clrf      PB
                      00051                   ;btfsc            PA,0
001C   2???           00052                   goto      LEER2
001D                  00053 APAGADO2
001D   3001           00054                   movlw     b'0000001'
001E   0086           00055                   movwf     PB
001F   2???           00056                   call      RETARDO
0020   0186           00057                   clrf      PB
0021   2???           00058                   goto      LEER3
                      00059                   
0022                  00060 ENCENDER2       
0022   3002           00061                   movlw     b'0000010'
0023   0086           00062                   movwf     PB
0024   2???           00063                   call      RETARDO
0025   0186           00064                   clrf      PB
                      00065                   ;btfsc            PA,0
0026   2???           00066                   goto      LEER4
                      00067 ;-------------------------------------------------------------------------------
0027                  00068 RETARDO;                                        la funcion retardo crea acciones 
                      00069 ;                                               de relleno para ocupar un tiempo 
                      00070 ;                                               determinado.
0027   3001           00071                     movlw   0x01 
0028   008C           00072                     movwf   RET
0029                  00073 LAZO2
0029   3003           00074                     movlw   0x03
002A   008D           00075                     movwf   RET2
002B                  00076 LAZO1
002B   3003           00077                     movlw   0x03
002C   008E           00078                     movwf   RET3
002D                  00079 LAZO
002D   0B8E           00080                     decfsz  RET3,1
002E   2???           00081                     goto    LAZO
002F   0B8D           00082                     decfsz  RET2,1
0030   2???           00083                     goto    LAZO1
0031   0B8C           00084                     decfsz  RET,1
0032   2???           00085                     goto    LAZO2
0033   0008           00086                     RETURN
                      00087 ;                                                  las funciones leer determinan 
                      00088 ;                                                  el estado del puerto RA0 y 
                      00089 ;                                                  relizar el proceso determida 
                      00090 ;                                                  para el estado alto y el estado bajo.
0034                  00091 LEER                
0034   1985           00092                     btfsc   PA,3                    
0035   2???           00093                     goto    CONTROL1
0036   0186           00094                     clrf    PB
MPASM 5.77                NEWASMTEMPLATE.ASM   10-23-2018  21:26:46         PAGE  3


LOC  OBJECT CODE     LINE SOURCE TEXT
  VALUE

0037   1805           00095                     btfsc   PA,0
0038   2???           00096                     goto    ENCENDER
0039   2???           00097                     goto    LEER
003A   0008           00098                     RETURN                  
003B                  00099 LEER2               
003B   1985           00100                     btfsc   PA,3                    
003C   2???           00101                     goto    CONTROL1
003D   0186           00102                     clrf    PB
003E   1805           00103                     btfsc   PA,0
003F   2???           00104                     goto    LEER2
0040   2???           00105                     goto    APAGADO
0041   0008           00106                     RETURN
0042                  00107 LEER3               
0042   1985           00108                     btfsc   PA,3                    
0043   2???           00109                     goto    REINICIO
0044   0186           00110                     clrf    PB
0045   1885           00111                     btfsc   PA,1;                         debe de recivir un uno
0046   2???           00112                     goto    ENCENDER2
0047   2???           00113                     goto    LEER3
0048   0008           00114                     RETURN                  
0049                  00115 LEER4               
0049   1985           00116                     btfsc   PA,3
004A   2???           00117                     goto    REINICIO
004B   0186           00118                     clrf    PB
004C   1905           00119                     btfsc   PA,2;                         debe de recibir un uno
004D   2???           00120                     goto    APAGADO2
004E   2???           00121                     goto    LEER4
004F   0008           00122                     RETURN                                  
3FF1                  00123                     END 
MPASM 5.77                NEWASMTEMPLATE.ASM   10-23-2018  21:26:46         PAGE  4


SYMBOL TABLE
  LABEL                             VALUE 

APAGADO                           00000013
APAGADO2                          0000001D
C                                 00000000
CONTROL1                          0000000B
CONTROL2                          0000000D
DC                                00000001
EEADR                             00000009
EECON1                            00000088
EECON2                            00000089
EEDATA                            00000008
EEIE                              00000006
EEIF                              00000004
ENCENDER                          00000018
ENCENDER2                         00000022
ESTADO                            00000003
F                                 00000001
FSR                               00000004
GIE                               00000007
INDF                              00000000
INICIO                            00000006
INTCON                            0000000B
INTE                              00000004
INTEDG                            00000006
INTF                              00000001
IRP                               00000007
LAZO                              0000002D
LAZO1                             0000002B
LAZO2                             00000029
LEER                              00000034
LEER2                             0000003B
LEER3                             00000042
LEER4                             00000049
NOT_PD                            00000003
NOT_RBPU                          00000007
NOT_TO                            00000004
OPTION_REG                        00000081
PA                                00000005
PB                                00000006
PCL                               00000002
PCLATH                            0000000A
PORTA                             00000005
PORTB                             00000006
PS0                               00000000
PS1                               00000001
PS2                               00000002
PSA                               00000003
RA0                               00000000
RA1                               00000001
RA2                               00000002
RA3                               00000003
RA4                               00000004
RB0                               00000000
RB1                               00000001
MPASM 5.77                NEWASMTEMPLATE.ASM   10-23-2018  21:26:46         PAGE  5


SYMBOL TABLE
  LABEL                             VALUE 

RB2                               00000002
RB3                               00000003
RB4                               00000004
RB5                               00000005
RB6                               00000006
RB7                               00000007
RBIE                              00000003
RBIF                              00000000
RD                                00000000
REINICIO                          0000000F
REINICIO2                         00000011
RET                               0000000C
RET2                              0000000D
RET3                              0000000E
RETARDO                           00000027
RP0                               00000005
RP1                               00000006
STATUS                            00000003
T0CS                              00000005
T0IE                              00000005
T0IF                              00000002
T0SE                              00000004
TMR0                              00000001
TMR0IE                            00000005
TMR0IF                            00000002
TRISA                             00000085
TRISA0                            00000000
TRISA1                            00000001
TRISA2                            00000002
TRISA3                            00000003
TRISA4                            00000004
TRISB                             00000086
TRISB0                            00000000
TRISB1                            00000001
TRISB2                            00000002
TRISB3                            00000003
TRISB4                            00000004
TRISB5                            00000005
TRISB6                            00000006
TRISB7                            00000007
W                                 00000000
WR                                00000001
WREN                              00000002
WRERR                             00000003
Z                                 00000002
_CONFIG                           00002007
_CP_OFF                           00003FFF
_CP_ON                            0000000F
_DEVID1                           00002006
_FOSC_EXTRC                       00003FFF
_FOSC_HS                          00003FFE
_FOSC_LP                          00003FFC
_FOSC_XT                          00003FFD
MPASM 5.77                NEWASMTEMPLATE.ASM   10-23-2018  21:26:46         PAGE  6


SYMBOL TABLE
  LABEL                             VALUE 

_HS_OSC                           00003FFE
_IDLOC0                           00002000
_IDLOC1                           00002001
_IDLOC2                           00002002
_IDLOC3                           00002003
_LP_OSC                           00003FFC
_PWRTE_OFF                        00003FFF
_PWRTE_ON                         00003FF7
_RC_OSC                           00003FFF
_WDTE_OFF                         00003FFB
_WDTE_ON                          00003FFF
_WDT_OFF                          00003FFB
_WDT_ON                           00003FFF
_XT_OSC                           00003FFD
__16F84A                          00000001
__DEBUG                           
__MPLAB_DEBUGGER_SIMULATOR        1

Errors   :     0
Warnings :     0 reported,     0 suppressed
Messages :     2 reported,     0 suppressed

